[2025-07-20T17:30:02.401+0000] {local_task_job_runner.py:120} INFO - ::group::Pre task execution logs
[2025-07-20T17:30:02.413+0000] {taskinstance.py:2076} INFO - Dependencies all met for dep_context=non-requeueable deps ti=<TaskInstance: ETL_Pipeline.ingest_raw_data manual__2025-07-20T17:29:57.605794+00:00 [queued]>
[2025-07-20T17:30:02.418+0000] {taskinstance.py:2076} INFO - Dependencies all met for dep_context=requeueable deps ti=<TaskInstance: ETL_Pipeline.ingest_raw_data manual__2025-07-20T17:29:57.605794+00:00 [queued]>
[2025-07-20T17:30:02.419+0000] {taskinstance.py:2306} INFO - Starting attempt 1 of 2
[2025-07-20T17:30:02.426+0000] {taskinstance.py:2330} INFO - Executing <Task(PythonOperator): ingest_raw_data> on 2025-07-20 17:29:57.605794+00:00
[2025-07-20T17:30:02.436+0000] {standard_task_runner.py:64} INFO - Started process 345 to run task
[2025-07-20T17:30:02.439+0000] {standard_task_runner.py:90} INFO - Running: ['***', 'tasks', 'run', 'ETL_Pipeline', 'ingest_raw_data', 'manual__2025-07-20T17:29:57.605794+00:00', '--job-id', '47', '--raw', '--subdir', 'DAGS_FOLDER/etl_dag.py', '--cfg-path', '/tmp/tmpoe5gjsbs']
[2025-07-20T17:30:02.443+0000] {standard_task_runner.py:91} INFO - Job 47: Subtask ingest_raw_data
[2025-07-20T17:30:02.481+0000] {task_command.py:426} INFO - Running <TaskInstance: ETL_Pipeline.ingest_raw_data manual__2025-07-20T17:29:57.605794+00:00 [running]> on host cc0200432425
[2025-07-20T17:30:02.531+0000] {taskinstance.py:2648} INFO - Exporting env vars: AIRFLOW_CTX_DAG_OWNER='Jhabindra Aryal' AIRFLOW_CTX_DAG_ID='ETL_Pipeline' AIRFLOW_CTX_TASK_ID='ingest_raw_data' AIRFLOW_CTX_EXECUTION_DATE='2025-07-20T17:29:57.605794+00:00' AIRFLOW_CTX_TRY_NUMBER='1' AIRFLOW_CTX_DAG_RUN_ID='manual__2025-07-20T17:29:57.605794+00:00'
[2025-07-20T17:30:02.532+0000] {taskinstance.py:430} INFO - ::endgroup::
[2025-07-20T17:30:03.511+0000] {logging_mixin.py:188} INFO - Saved raw text to data/raw/data
[2025-07-20T17:30:03.520+0000] {logging_mixin.py:188} INFO - Created DataFrame with 574 lines of text
[2025-07-20T17:30:03.597+0000] {logging_mixin.py:188} INFO - Uploaded DataFrame as parquet /data.parquet to MinIO bucket raw
[2025-07-20T17:30:03.599+0000] {python.py:237} INFO - Done. Returned value was: None
[2025-07-20T17:30:03.600+0000] {taskinstance.py:441} INFO - ::group::Post task execution logs
[2025-07-20T17:30:03.606+0000] {taskinstance.py:1206} INFO - Marking task as SUCCESS. dag_id=ETL_Pipeline, task_id=ingest_raw_data, run_id=manual__2025-07-20T17:29:57.605794+00:00, execution_date=20250720T172957, start_date=20250720T173002, end_date=20250720T173003
[2025-07-20T17:30:03.654+0000] {local_task_job_runner.py:243} INFO - Task exited with return code 0
[2025-07-20T17:30:03.673+0000] {taskinstance.py:3503} INFO - 1 downstream tasks scheduled from follow-on schedule check
[2025-07-20T17:30:03.674+0000] {local_task_job_runner.py:222} INFO - ::endgroup::
