[2025-07-20T15:50:42.339+0000] {taskinstance.py:1956} INFO - Dependencies all met for dep_context=non-requeueable deps ti=<TaskInstance: ETL_Pipeline.gold_transform manual__2025-07-20T15:50:21.734358+00:00 [queued]>
[2025-07-20T15:50:42.344+0000] {taskinstance.py:1956} INFO - Dependencies all met for dep_context=requeueable deps ti=<TaskInstance: ETL_Pipeline.gold_transform manual__2025-07-20T15:50:21.734358+00:00 [queued]>
[2025-07-20T15:50:42.345+0000] {taskinstance.py:2170} INFO - Starting attempt 1 of 2
[2025-07-20T15:50:42.354+0000] {taskinstance.py:2191} INFO - Executing <Task(PythonOperator): gold_transform> on 2025-07-20 15:50:21.734358+00:00
[2025-07-20T15:50:42.363+0000] {standard_task_runner.py:60} INFO - Started process 1195 to run task
[2025-07-20T15:50:42.367+0000] {standard_task_runner.py:87} INFO - Running: ['***', 'tasks', 'run', 'ETL_Pipeline', 'gold_transform', 'manual__2025-07-20T15:50:21.734358+00:00', '--job-id', '119', '--raw', '--subdir', 'DAGS_FOLDER/etl_dag.py', '--cfg-path', '/tmp/tmpa0qojlj1']
[2025-07-20T15:50:42.370+0000] {standard_task_runner.py:88} INFO - Job 119: Subtask gold_transform
[2025-07-20T15:50:42.408+0000] {task_command.py:423} INFO - Running <TaskInstance: ETL_Pipeline.gold_transform manual__2025-07-20T15:50:21.734358+00:00 [running]> on host 388cc7a9c791
[2025-07-20T15:50:42.455+0000] {taskinstance.py:2480} INFO - Exporting env vars: AIRFLOW_CTX_DAG_OWNER='Jhabindra Aryal' AIRFLOW_CTX_DAG_ID='ETL_Pipeline' AIRFLOW_CTX_TASK_ID='gold_transform' AIRFLOW_CTX_EXECUTION_DATE='2025-07-20T15:50:21.734358+00:00' AIRFLOW_CTX_TRY_NUMBER='1' AIRFLOW_CTX_DAG_RUN_ID='manual__2025-07-20T15:50:21.734358+00:00'
[2025-07-20T15:50:42.495+0000] {logging_mixin.py:188} INFO - Loading embedding model...
[2025-07-20T15:50:42.504+0000] {SentenceTransformer.py:219} INFO - Use pytorch device_name: cpu
[2025-07-20T15:50:42.505+0000] {SentenceTransformer.py:227} INFO - Load pretrained SentenceTransformer: all-MiniLM-L6-v2
[2025-07-20T15:50:46.811+0000] {logging_mixin.py:188} INFO - Generating embeddings...
[2025-07-20T15:50:46.816+0000] {logging_mixin.py:188} WARNING - Batches:   0%|          | 0/1 [00:00<?, ?it/s]
[2025-07-20T15:50:46.864+0000] {logging_mixin.py:188} WARNING - Batches: 100%|##########| 1/1 [00:00<00:00, 20.88it/s]
[2025-07-20T15:50:46.875+0000] {logging_mixin.py:188} INFO -                                            paragraph  ...                                          embedding
0  The Yellow Wallpaper By Charlotte Perkins Gilm...  ...  [-0.037135396152734756, 0.07840736955404282, 0...

[1 rows x 8 columns]
[2025-07-20T15:50:46.892+0000] {logging_mixin.py:188} INFO - Uploaded DataFrame as parquet data.parquet to MinIO bucket gold
[2025-07-20T15:50:46.893+0000] {python.py:201} INFO - Done. Returned value was: None
[2025-07-20T15:50:46.899+0000] {taskinstance.py:1138} INFO - Marking task as SUCCESS. dag_id=ETL_Pipeline, task_id=gold_transform, execution_date=20250720T155021, start_date=20250720T155042, end_date=20250720T155046
[2025-07-20T15:50:46.954+0000] {local_task_job_runner.py:234} INFO - Task exited with return code 0
[2025-07-20T15:50:46.971+0000] {taskinstance.py:3280} INFO - 1 downstream tasks scheduled from follow-on schedule check
