[2025-07-20T17:19:49.875+0000] {local_task_job_runner.py:120} INFO - ::group::Pre task execution logs
[2025-07-20T17:19:49.888+0000] {taskinstance.py:2076} INFO - Dependencies all met for dep_context=non-requeueable deps ti=<TaskInstance: ETL_Pipeline.ingest_raw_data manual__2025-07-20T17:19:45.498447+00:00 [queued]>
[2025-07-20T17:19:49.894+0000] {taskinstance.py:2076} INFO - Dependencies all met for dep_context=requeueable deps ti=<TaskInstance: ETL_Pipeline.ingest_raw_data manual__2025-07-20T17:19:45.498447+00:00 [queued]>
[2025-07-20T17:19:49.896+0000] {taskinstance.py:2306} INFO - Starting attempt 1 of 2
[2025-07-20T17:19:49.905+0000] {taskinstance.py:2330} INFO - Executing <Task(PythonOperator): ingest_raw_data> on 2025-07-20 17:19:45.498447+00:00
[2025-07-20T17:19:49.913+0000] {standard_task_runner.py:64} INFO - Started process 672 to run task
[2025-07-20T17:19:49.917+0000] {standard_task_runner.py:90} INFO - Running: ['***', 'tasks', 'run', 'ETL_Pipeline', 'ingest_raw_data', 'manual__2025-07-20T17:19:45.498447+00:00', '--job-id', '7', '--raw', '--subdir', 'DAGS_FOLDER/etl_dag.py', '--cfg-path', '/tmp/tmpw0h1228b']
[2025-07-20T17:19:49.921+0000] {standard_task_runner.py:91} INFO - Job 7: Subtask ingest_raw_data
[2025-07-20T17:19:49.960+0000] {task_command.py:426} INFO - Running <TaskInstance: ETL_Pipeline.ingest_raw_data manual__2025-07-20T17:19:45.498447+00:00 [running]> on host 7bb65b247d2f
[2025-07-20T17:19:50.015+0000] {taskinstance.py:2648} INFO - Exporting env vars: AIRFLOW_CTX_DAG_OWNER='Jhabindra Aryal' AIRFLOW_CTX_DAG_ID='ETL_Pipeline' AIRFLOW_CTX_TASK_ID='ingest_raw_data' AIRFLOW_CTX_EXECUTION_DATE='2025-07-20T17:19:45.498447+00:00' AIRFLOW_CTX_TRY_NUMBER='1' AIRFLOW_CTX_DAG_RUN_ID='manual__2025-07-20T17:19:45.498447+00:00'
[2025-07-20T17:19:50.016+0000] {taskinstance.py:430} INFO - ::endgroup::
[2025-07-20T17:19:50.969+0000] {logging_mixin.py:188} INFO - Saved raw text to data/raw/data
[2025-07-20T17:19:50.976+0000] {logging_mixin.py:188} INFO - Created DataFrame with 574 lines of text
[2025-07-20T17:19:50.999+0000] {logging_mixin.py:188} INFO - Uploaded DataFrame as parquet /data.parquet to MinIO bucket raw
[2025-07-20T17:19:51.001+0000] {python.py:237} INFO - Done. Returned value was: None
[2025-07-20T17:19:51.002+0000] {taskinstance.py:441} INFO - ::group::Post task execution logs
[2025-07-20T17:19:51.008+0000] {taskinstance.py:1206} INFO - Marking task as SUCCESS. dag_id=ETL_Pipeline, task_id=ingest_raw_data, run_id=manual__2025-07-20T17:19:45.498447+00:00, execution_date=20250720T171945, start_date=20250720T171949, end_date=20250720T171951
[2025-07-20T17:19:51.053+0000] {local_task_job_runner.py:243} INFO - Task exited with return code 0
[2025-07-20T17:19:51.068+0000] {taskinstance.py:3503} INFO - 1 downstream tasks scheduled from follow-on schedule check
[2025-07-20T17:19:51.071+0000] {local_task_job_runner.py:222} INFO - ::endgroup::
