[2025-07-20T14:51:57.841+0000] {taskinstance.py:1956} INFO - Dependencies all met for dep_context=non-requeueable deps ti=<TaskInstance: ETL_Pipeline.gold_transform manual__2025-07-20T14:51:31.708157+00:00 [queued]>
[2025-07-20T14:51:57.848+0000] {taskinstance.py:1956} INFO - Dependencies all met for dep_context=requeueable deps ti=<TaskInstance: ETL_Pipeline.gold_transform manual__2025-07-20T14:51:31.708157+00:00 [queued]>
[2025-07-20T14:51:57.849+0000] {taskinstance.py:2170} INFO - Starting attempt 1 of 2
[2025-07-20T14:51:57.860+0000] {taskinstance.py:2191} INFO - Executing <Task(PythonOperator): gold_transform> on 2025-07-20 14:51:31.708157+00:00
[2025-07-20T14:51:57.870+0000] {standard_task_runner.py:60} INFO - Started process 1138 to run task
[2025-07-20T14:51:57.875+0000] {standard_task_runner.py:87} INFO - Running: ['***', 'tasks', 'run', 'ETL_Pipeline', 'gold_transform', 'manual__2025-07-20T14:51:31.708157+00:00', '--job-id', '67', '--raw', '--subdir', 'DAGS_FOLDER/etl_dag.py', '--cfg-path', '/tmp/tmpo19pheca']
[2025-07-20T14:51:57.879+0000] {standard_task_runner.py:88} INFO - Job 67: Subtask gold_transform
[2025-07-20T14:51:57.928+0000] {task_command.py:423} INFO - Running <TaskInstance: ETL_Pipeline.gold_transform manual__2025-07-20T14:51:31.708157+00:00 [running]> on host a92f50175a5f
[2025-07-20T14:51:57.991+0000] {taskinstance.py:2480} INFO - Exporting env vars: AIRFLOW_CTX_DAG_OWNER='Jhabindra Aryal' AIRFLOW_CTX_DAG_ID='ETL_Pipeline' AIRFLOW_CTX_TASK_ID='gold_transform' AIRFLOW_CTX_EXECUTION_DATE='2025-07-20T14:51:31.708157+00:00' AIRFLOW_CTX_TRY_NUMBER='1' AIRFLOW_CTX_DAG_RUN_ID='manual__2025-07-20T14:51:31.708157+00:00'
[2025-07-20T14:51:58.057+0000] {logging_mixin.py:188} INFO - Loading embedding model...
[2025-07-20T14:51:58.076+0000] {SentenceTransformer.py:219} INFO - Use pytorch device_name: cpu
[2025-07-20T14:51:58.077+0000] {SentenceTransformer.py:227} INFO - Load pretrained SentenceTransformer: all-MiniLM-L6-v2
[2025-07-20T14:52:11.943+0000] {logging_mixin.py:188} INFO - Generating embeddings...
[2025-07-20T14:52:11.948+0000] {logging_mixin.py:188} WARNING - Batches:   0%|          | 0/1 [00:00<?, ?it/s]
[2025-07-20T14:52:12.095+0000] {logging_mixin.py:188} WARNING - Batches: 100%|##########| 1/1 [00:00<00:00,  6.83it/s]
[2025-07-20T14:52:12.096+0000] {logging_mixin.py:188} WARNING - Batches: 100%|##########| 1/1 [00:00<00:00,  6.79it/s]
[2025-07-20T14:52:12.114+0000] {logging_mixin.py:188} INFO -                                            paragraph  ...                                          embedding
0  The Yellow Wallpaper By Charlotte Perkins Gilm...  ...  [-0.037135396152734756, 0.07840736955404282, 0...

[1 rows x 8 columns]
[2025-07-20T14:52:12.130+0000] {logging_mixin.py:188} INFO - Uploaded DataFrame as parquet data.parquet to MinIO bucket gold
[2025-07-20T14:52:12.131+0000] {python.py:201} INFO - Done. Returned value was: None
[2025-07-20T14:52:12.139+0000] {taskinstance.py:1138} INFO - Marking task as SUCCESS. dag_id=ETL_Pipeline, task_id=gold_transform, execution_date=20250720T145131, start_date=20250720T145157, end_date=20250720T145212
[2025-07-20T14:52:12.195+0000] {local_task_job_runner.py:234} INFO - Task exited with return code 0
[2025-07-20T14:52:12.207+0000] {taskinstance.py:3280} INFO - 0 downstream tasks scheduled from follow-on schedule check
