[2025-07-20T17:30:18.184+0000] {local_task_job_runner.py:120} INFO - ::group::Pre task execution logs
[2025-07-20T17:30:18.198+0000] {taskinstance.py:2076} INFO - Dependencies all met for dep_context=non-requeueable deps ti=<TaskInstance: ETL_Pipeline.gold_transform manual__2025-07-20T17:29:57.605794+00:00 [queued]>
[2025-07-20T17:30:18.208+0000] {taskinstance.py:2076} INFO - Dependencies all met for dep_context=requeueable deps ti=<TaskInstance: ETL_Pipeline.gold_transform manual__2025-07-20T17:29:57.605794+00:00 [queued]>
[2025-07-20T17:30:18.209+0000] {taskinstance.py:2306} INFO - Starting attempt 1 of 2
[2025-07-20T17:30:18.223+0000] {taskinstance.py:2330} INFO - Executing <Task(PythonOperator): gold_transform> on 2025-07-20 17:29:57.605794+00:00
[2025-07-20T17:30:18.234+0000] {standard_task_runner.py:64} INFO - Started process 421 to run task
[2025-07-20T17:30:18.239+0000] {standard_task_runner.py:90} INFO - Running: ['***', 'tasks', 'run', 'ETL_Pipeline', 'gold_transform', 'manual__2025-07-20T17:29:57.605794+00:00', '--job-id', '50', '--raw', '--subdir', 'DAGS_FOLDER/etl_dag.py', '--cfg-path', '/tmp/tmpvanfzwg1']
[2025-07-20T17:30:18.243+0000] {standard_task_runner.py:91} INFO - Job 50: Subtask gold_transform
[2025-07-20T17:30:18.296+0000] {task_command.py:426} INFO - Running <TaskInstance: ETL_Pipeline.gold_transform manual__2025-07-20T17:29:57.605794+00:00 [running]> on host cc0200432425
[2025-07-20T17:30:18.361+0000] {taskinstance.py:2648} INFO - Exporting env vars: AIRFLOW_CTX_DAG_OWNER='Jhabindra Aryal' AIRFLOW_CTX_DAG_ID='ETL_Pipeline' AIRFLOW_CTX_TASK_ID='gold_transform' AIRFLOW_CTX_EXECUTION_DATE='2025-07-20T17:29:57.605794+00:00' AIRFLOW_CTX_TRY_NUMBER='1' AIRFLOW_CTX_DAG_RUN_ID='manual__2025-07-20T17:29:57.605794+00:00'
[2025-07-20T17:30:18.362+0000] {taskinstance.py:430} INFO - ::endgroup::
[2025-07-20T17:30:18.420+0000] {logging_mixin.py:188} INFO - Loading embedding model...
[2025-07-20T17:30:18.438+0000] {SentenceTransformer.py:219} INFO - Use pytorch device_name: cpu
[2025-07-20T17:30:18.439+0000] {SentenceTransformer.py:227} INFO - Load pretrained SentenceTransformer: all-MiniLM-L6-v2
[2025-07-20T17:30:33.156+0000] {logging_mixin.py:188} INFO - Generating embeddings...
[2025-07-20T17:30:33.160+0000] {logging_mixin.py:188} WARNING - Batches:   0%|          | 0/1 [00:00<?, ?it/s]
[2025-07-20T17:30:33.208+0000] {logging_mixin.py:188} WARNING - Batches: 100%|##########| 1/1 [00:00<00:00, 21.14it/s]
[2025-07-20T17:30:33.221+0000] {logging_mixin.py:188} INFO -                                            paragraph  ...                                          embedding
0  The Yellow Wallpaper By Charlotte Perkins Gilm...  ...  [-0.037135396152734756, 0.07840736955404282, 0...

[1 rows x 8 columns]
[2025-07-20T17:30:33.236+0000] {logging_mixin.py:188} INFO - Uploaded DataFrame as parquet data.parquet to MinIO bucket gold
[2025-07-20T17:30:33.236+0000] {python.py:237} INFO - Done. Returned value was: None
[2025-07-20T17:30:33.237+0000] {taskinstance.py:441} INFO - ::group::Post task execution logs
[2025-07-20T17:30:33.243+0000] {taskinstance.py:1206} INFO - Marking task as SUCCESS. dag_id=ETL_Pipeline, task_id=gold_transform, run_id=manual__2025-07-20T17:29:57.605794+00:00, execution_date=20250720T172957, start_date=20250720T173018, end_date=20250720T173033
[2025-07-20T17:30:33.286+0000] {local_task_job_runner.py:243} INFO - Task exited with return code 0
[2025-07-20T17:30:33.301+0000] {taskinstance.py:3503} INFO - 1 downstream tasks scheduled from follow-on schedule check
[2025-07-20T17:30:33.302+0000] {local_task_job_runner.py:222} INFO - ::endgroup::
