[2025-07-20T17:36:33.046+0000] {local_task_job_runner.py:120} INFO - ::group::Pre task execution logs
[2025-07-20T17:36:33.058+0000] {taskinstance.py:2076} INFO - Dependencies all met for dep_context=non-requeueable deps ti=<TaskInstance: ETL_Pipeline.gold_transform manual__2025-07-20T17:36:11.046513+00:00 [queued]>
[2025-07-20T17:36:33.063+0000] {taskinstance.py:2076} INFO - Dependencies all met for dep_context=requeueable deps ti=<TaskInstance: ETL_Pipeline.gold_transform manual__2025-07-20T17:36:11.046513+00:00 [queued]>
[2025-07-20T17:36:33.064+0000] {taskinstance.py:2306} INFO - Starting attempt 1 of 2
[2025-07-20T17:36:33.072+0000] {taskinstance.py:2330} INFO - Executing <Task(PythonOperator): gold_transform> on 2025-07-20 17:36:11.046513+00:00
[2025-07-20T17:36:33.080+0000] {standard_task_runner.py:64} INFO - Started process 954 to run task
[2025-07-20T17:36:33.085+0000] {standard_task_runner.py:90} INFO - Running: ['***', 'tasks', 'run', 'ETL_Pipeline', 'gold_transform', 'manual__2025-07-20T17:36:11.046513+00:00', '--job-id', '58', '--raw', '--subdir', 'DAGS_FOLDER/etl_dag.py', '--cfg-path', '/tmp/tmp_uomaecp']
[2025-07-20T17:36:33.088+0000] {standard_task_runner.py:91} INFO - Job 58: Subtask gold_transform
[2025-07-20T17:36:33.131+0000] {task_command.py:426} INFO - Running <TaskInstance: ETL_Pipeline.gold_transform manual__2025-07-20T17:36:11.046513+00:00 [running]> on host cc0200432425
[2025-07-20T17:36:33.184+0000] {taskinstance.py:2648} INFO - Exporting env vars: AIRFLOW_CTX_DAG_OWNER='Jhabindra Aryal' AIRFLOW_CTX_DAG_ID='ETL_Pipeline' AIRFLOW_CTX_TASK_ID='gold_transform' AIRFLOW_CTX_EXECUTION_DATE='2025-07-20T17:36:11.046513+00:00' AIRFLOW_CTX_TRY_NUMBER='1' AIRFLOW_CTX_DAG_RUN_ID='manual__2025-07-20T17:36:11.046513+00:00'
[2025-07-20T17:36:33.185+0000] {taskinstance.py:430} INFO - ::endgroup::
[2025-07-20T17:36:33.241+0000] {logging_mixin.py:188} INFO - Loading embedding model...
[2025-07-20T17:36:33.264+0000] {SentenceTransformer.py:219} INFO - Use pytorch device_name: cpu
[2025-07-20T17:36:33.264+0000] {SentenceTransformer.py:227} INFO - Load pretrained SentenceTransformer: all-MiniLM-L6-v2
[2025-07-20T17:36:37.147+0000] {logging_mixin.py:188} INFO - Generating embeddings...
[2025-07-20T17:36:37.151+0000] {logging_mixin.py:188} WARNING - Batches:   0%|          | 0/1 [00:00<?, ?it/s]
[2025-07-20T17:36:37.225+0000] {logging_mixin.py:188} WARNING - Batches: 100%|##########| 1/1 [00:00<00:00, 13.65it/s]
[2025-07-20T17:36:37.235+0000] {logging_mixin.py:188} INFO -                                            paragraph  ...                                          embedding
0  The Yellow Wallpaper By Charlotte Perkins Gilm...  ...  [-0.037135396152734756, 0.07840736955404282, 0...

[1 rows x 8 columns]
[2025-07-20T17:36:37.245+0000] {logging_mixin.py:188} INFO - Uploaded DataFrame as parquet data.parquet to MinIO bucket gold
[2025-07-20T17:36:37.246+0000] {python.py:237} INFO - Done. Returned value was: None
[2025-07-20T17:36:37.247+0000] {taskinstance.py:441} INFO - ::group::Post task execution logs
[2025-07-20T17:36:37.253+0000] {taskinstance.py:1206} INFO - Marking task as SUCCESS. dag_id=ETL_Pipeline, task_id=gold_transform, run_id=manual__2025-07-20T17:36:11.046513+00:00, execution_date=20250720T173611, start_date=20250720T173633, end_date=20250720T173637
[2025-07-20T17:36:37.309+0000] {local_task_job_runner.py:243} INFO - Task exited with return code 0
[2025-07-20T17:36:37.323+0000] {taskinstance.py:3503} INFO - 1 downstream tasks scheduled from follow-on schedule check
[2025-07-20T17:36:37.325+0000] {local_task_job_runner.py:222} INFO - ::endgroup::
